1469570069|1|nc|na|Temperature at (0, 0) is 12°C 
1469570069|1|nc|na|Temperature at (0, 0) is 12°C 
1469570069|1|nc|na|Temperature at (0, 0) is 12°C 
1469570069|1|nc|na|Temperature at (0, 0) is 12°C 
1469586928|0|nc|na|
1469586928|0|nc|na|
1469587292|1|nc|na|Temperature at (0, 0) is 1212°C 
1469587292|1|nc|na|Temperature at (0, 0) is 1212°C 
1469588975|0|nc|na|
1469588976|0|nc|na|
1469607914|45|nc|na|
1469607916|45|nc|na|
1469607919|45|nc|na|
1469607924|45|nc|na|
1469607928|45|nc|na|
1469607933|45|nc|na|
1469607937|45|nc|na|
1469607939|45|nc|na|
1469607947|45|nc|na|
1469607952|45|nc|na|
1469607954|45|nc|na|
1469607958|45|nc|na|
1469607960|45|nc|na|
1469608708|45|nc|na|
1469608711|45|nc|na|
1469608714|45|nc|na|
1469608720|45|nc|na|
1469608724|45|nc|na|
1469608727|45|nc|na|
1469753647|45|nc|na|
1469753647|45|nc|na|
1469753647|45|nc|na|
1469754227|45|nc|na
1469754227|45|nc|na
1469755367|45|nc|na
1469755367|45|nc|na
1469779940|45|nc|na
1469779940|45|nc|na
1469779940|temp|nc|na
1469780162|temp|nc|na
1469780162|temp|nc|na
1469780162|temp|nc|na
1469780162|temp|nc|na
1469826734|temp|nc|na
1469826894|temp|nc|na
1469826894|temp|nc|na
1469826894|temp|nc|na
1469826894|temp|nc|na
1469826894|temp|nc|na
1469826894|temp|nc|na
1469826894|temp|nc|na
1469826894|temp|nc|na
1469826894|temp|nc|na
1469826894|temp|nc|na
1469826894|temp|nc|na
1469827336|temp|nc|na
1469827336|temp|nc|na
1469827351|temp|nc|na
1469827351|temp|nc|na
1469827351|temp|nc|na
1469827351|temp|nc|na
1469827351|temp|nc|na
1469827351|temp|nc|na
1469827351|temp|nc|na
1469827351|temp|nc|na
1469827351|temp|nc|na
1469827351|temp|nc|na
1469827351|temp|nc|na
1469837763|temp|nc|na
1469835763|temp|nc|na
1469879520|temp|nc|na
1469879537|temp|nc|na
1469879557|temp|nc|na
1469879557|temp|nc|na
1469879610|temp|nc|na
1469879610|temp|nc|na
1469879610|temp|nc|na
1469879610|temp|nc|na
1469879610|temp|nc|na
1469879795|temp|nc|na
1469879957|temp|nc|na
1469879986|temp|nc|na
1469943607|temp|crit|nf|9|
1469943629|temp|crit|nf|9|
1469943714|temp|crit|nf|9|
1470018170|temp|crit|nf|9|
1470018170|temp|crit|nf|9|
1470370671|9|nc|na|na|
1470370709|9|nc|na|na|
1470433254|9|nc|na|na|
1470433299|9|nc|na|na|
1470436899|9|nc|na|na|
1470436909|9|nc|na|na|
1470436955|9|nc|na|na|
1470436978|9|nc|na|na|
1470438712|9|nc|na|na|
1470438718|9|nc|na|na|
1470438724|9|nc|na|na|
1470438729|9|nc|na|na|
1470439063|gate|crit|nf|11|
1470535502|gate|nc|na|na|
1470535680|gate|crit|nf|11|
1470535714|gate|nc|na|na|
1470535747|gate|nc|na|na|
1470536268|gate|crit|nf|11|
1470603184|gate|nc|na|na|
1470603205|gate|nc|na|na|
1470603245|gate|nc|na|na|
1470603424|gate|crit|nf|11|
1470603474|gate|nc|na|na|
1470603491|gate|nc|na|na|
1470603497|gate|nc|na|na|
1470603509|gate|nc|na|na|
1470603523|gate|nc|na|na|
1470603576|gate|nc|na|na|
1470603588|gate|nc|na|na|
1470603622|gate|crit|nf|11|
1470603636|gate|crit|nf|11|
1470603702|gate|nc|na|na|
1470603727|gate|nc|na|na|
1470603751|gate|nc|na|na|
1470604250|gate|crit|nf|11|
1470604256|gate|crit|nf|11|
1470604268|gate|crit|nf|11|
1470604273|gate|crit|nf|11|
1470606073|gate|nc|na|na|
1470608931|gate|crit|nf|11|
1470608953|gate|crit|nf|11|
1470608970|gate|crit|nf|11|
